Release 14.7 Map P.20131013 (nt64)
Xilinx Mapping Report File for Design 'Agri_Station'

Design Information
------------------
Command Line   : map -intstyle ise -p xc3s400-ft256-4 -cm area -ir off -pr off
-c 100 -o Agri_Station_map.ncd Agri_Station.ngd Agri_Station.pcf 
Target Device  : xc3s400
Target Package : ft256
Target Speed   : -4
Mapper Version : spartan3 -- $Revision: 1.55 $
Mapped Date    : Thu Mar 28 00:55:44 2019

Design Summary
--------------
Number of errors:      0
Number of warnings:    1
Logic Utilization:
  Number of Slice Flip Flops:           674 out of   7,168    9%
  Number of 4 input LUTs:             1,833 out of   7,168   25%
Logic Distribution:
  Number of occupied Slices:          1,042 out of   3,584   29%
    Number of Slices containing only related logic:   1,042 out of   1,042 100%
    Number of Slices containing unrelated logic:          0 out of   1,042   0%
      *See NOTES below for an explanation of the effects of unrelated logic.
  Total Number of 4 input LUTs:       1,925 out of   7,168   26%
    Number used as logic:             1,833
    Number used as a route-thru:         92

  The Slice Logic Distribution report is not meaningful if the design is
  over-mapped for a non-slice resource or if Placement fails.

  Number of bonded IOBs:                 45 out of     173   26%
  Number of BUFGMUXs:                     5 out of       8   62%

Average Fanout of Non-Clock Nets:                4.32

Peak Memory Usage:  4426 MB
Total REAL time to MAP completion:  9 secs 
Total CPU time to MAP completion:   5 secs 

NOTES:

   Related logic is defined as being logic that shares connectivity - e.g. two
   LUTs are "related" if they share common inputs.  When assembling slices,
   Map gives priority to combine logic that is related.  Doing so results in
   the best timing performance.

   Unrelated logic shares no connectivity.  Map will only begin packing
   unrelated logic into a slice once 99% of the slices are occupied through
   related logic packing.

   Note that once logic distribution reaches the 99% level through related
   logic packing, this does not mean the device is completely utilized.
   Unrelated logic packing will then begin, continuing until all usable LUTs
   and FFs are occupied.  Depending on your timing budget, increased levels of
   unrelated logic packing may adversely affect the overall timing performance
   of your design.

Table of Contents
-----------------
Section 1 - Errors
Section 2 - Warnings
Section 3 - Informational
Section 4 - Removed Logic Summary
Section 5 - Removed Logic
Section 6 - IOB Properties
Section 7 - RPMs
Section 8 - Guide Report
Section 9 - Area Group and Partition Summary
Section 10 - Timing Report
Section 11 - Configuration String Information
Section 12 - Control Set Information
Section 13 - Utilization by Hierarchy

Section 1 - Errors
------------------

Section 2 - Warnings
--------------------
WARNING:Pack:266 - The function generator cop2/cop1/Mrom_ADC_rom00002211_7
   failed to merge with F5 multiplexer cop2/cop1/Mrom_ADC_rom00002211_6_f5. 
   There is a conflict for the FXMUX.  The design will exhibit suboptimal
   timing.

Section 3 - Informational
-------------------------
INFO:LIT:243 - Logical network rx_line_IBUF has no load.
INFO:MapLib:562 - No environment variables are currently set.

Section 4 - Removed Logic Summary
---------------------------------
   2 block(s) optimized away

Section 5 - Removed Logic
-------------------------

Optimized Block(s):
TYPE 		BLOCK
GND 		XST_GND
VCC 		XST_VCC

To enable printing of redundant blocks removed and signals merged, set the
detailed map report option and rerun map.

Section 6 - IOB Properties
--------------------------

+---------------------------------------------------------------------------------------------------------------------------------------------------------+
| IOB Name                           | Type             | Direction | IO Standard          | Diff  | Drive    | Slew | Reg (s)      | Resistor | IOB      |
|                                    |                  |           |                      | Term  | Strength | Rate |              |          | Delay    |
+---------------------------------------------------------------------------------------------------------------------------------------------------------+
| ADC<0>                             | IOB              | INPUT     | LVCMOS25             |       |          |      |              |          |          |
| ADC<1>                             | IOB              | INPUT     | LVCMOS25             |       |          |      |              |          |          |
| ADC<2>                             | IOB              | INPUT     | LVCMOS25             |       |          |      |              |          |          |
| ADC<3>                             | IOB              | INPUT     | LVCMOS25             |       |          |      |              |          |          |
| ADC<4>                             | IOB              | INPUT     | LVCMOS25             |       |          |      |              |          |          |
| ADC<5>                             | IOB              | INPUT     | LVCMOS25             |       |          |      |              |          |          |
| ADC<6>                             | IOB              | INPUT     | LVCMOS25             |       |          |      |              |          |          |
| ADC<7>                             | IOB              | INPUT     | LVCMOS25             |       |          |      |              |          |          |
| DATA_AVL                           | IOB              | INPUT     | LVCMOS25             |       |          |      |              |          |          |
| EXT_ACTUATE                        | IOB              | OUTPUT    | LVCMOS25             |       | 12       | FAST |              |          |          |
| anode<0>                           | IOB              | OUTPUT    | LVCMOS25             |       | 12       | SLOW |              |          |          |
| anode<1>                           | IOB              | OUTPUT    | LVCMOS25             |       | 12       | SLOW |              |          |          |
| anode<2>                           | IOB              | OUTPUT    | LVCMOS25             |       | 12       | SLOW |              |          |          |
| anode<3>                           | IOB              | OUTPUT    | LVCMOS25             |       | 12       | SLOW |              |          |          |
| buzzer                             | IOB              | OUTPUT    | LVCMOS25             |       | 12       | FAST |              |          |          |
| clk                                | IOB              | INPUT     | LVCMOS25             |       |          |      |              |          |          |
| display_cycle                      | IOB              | INPUT     | LVCMOS25             |       |          |      |              |          |          |
| keys<0>                            | IOB              | INPUT     | LVCMOS25             |       |          |      |              |          |          |
| keys<1>                            | IOB              | INPUT     | LVCMOS25             |       |          |      |              |          |          |
| keys<2>                            | IOB              | INPUT     | LVCMOS25             |       |          |      |              |          |          |
| keys<3>                            | IOB              | INPUT     | LVCMOS25             |       |          |      |              |          |          |
| led<0>                             | IOB              | OUTPUT    | LVCMOS25             |       | 12       | FAST |              |          |          |
| led<1>                             | IOB              | OUTPUT    | LVCMOS25             |       | 12       | FAST |              |          |          |
| led<2>                             | IOB              | OUTPUT    | LVCMOS25             |       | 12       | FAST |              |          |          |
| led<3>                             | IOB              | OUTPUT    | LVCMOS25             |       | 12       | FAST |              |          |          |
| led<4>                             | IOB              | OUTPUT    | LVCMOS25             |       | 12       | FAST |              |          |          |
| led<5>                             | IOB              | OUTPUT    | LVCMOS25             |       | 12       | FAST |              |          |          |
| led<6>                             | IOB              | OUTPUT    | LVCMOS25             |       | 12       | FAST |              |          |          |
| led<7>                             | IOB              | OUTPUT    | LVCMOS25             |       | 12       | FAST |              |          |          |
| negative_engage                    | IOB              | INPUT     | LVCMOS25             |       |          |      |              |          |          |
| phone_num_en                       | IOB              | INPUT     | LVCMOS25             |       |          |      |              |          |          |
| positive_engage                    | IOB              | INPUT     | LVCMOS25             |       |          |      |              |          |          |
| reset                              | IOB              | INPUT     | LVCMOS25             |       |          |      |              |          |          |
| rx_line                            | IOB              | INPUT     | LVCMOS25             |       |          |      |              |          |          |
| seg<0>                             | IOB              | OUTPUT    | LVCMOS25             |       | 12       | FAST |              |          |          |
| seg<1>                             | IOB              | OUTPUT    | LVCMOS25             |       | 12       | FAST |              |          |          |
| seg<2>                             | IOB              | OUTPUT    | LVCMOS25             |       | 12       | FAST |              |          |          |
| seg<3>                             | IOB              | OUTPUT    | LVCMOS25             |       | 12       | FAST |              |          |          |
| seg<4>                             | IOB              | OUTPUT    | LVCMOS25             |       | 12       | FAST |              |          |          |
| seg<5>                             | IOB              | OUTPUT    | LVCMOS25             |       | 12       | FAST |              |          |          |
| seg<6>                             | IOB              | OUTPUT    | LVCMOS25             |       | 12       | FAST |              |          |          |
| seg<7>                             | IOB              | OUTPUT    | LVCMOS25             |       | 12       | FAST |              |          |          |
| soil_tol_en                        | IOB              | INPUT     | LVCMOS25             |       |          |      |              |          |          |
| switch                             | IOB              | INPUT     | LVCMOS25             |       |          |      |              |          |          |
| tx_line                            | IOB              | OUTPUT    | LVCMOS25             |       | 16       | SLOW |              |          |          |
+---------------------------------------------------------------------------------------------------------------------------------------------------------+

Section 7 - RPMs
----------------

Section 8 - Guide Report
------------------------
Guide not run on this design.

Section 9 - Area Group and Partition Summary
--------------------------------------------

Partition Implementation Status
-------------------------------

  No Partitions were found in this design.

-------------------------------

Area Group Information
----------------------

  No area groups were found in this design.

----------------------

Section 10 - Timing Report
--------------------------
This design was not run using timing mode.

Section 11 - Configuration String Details
-----------------------------------------
Use the "-detail" map option to print out Configuration Strings

Section 12 - Control Set Information
------------------------------------
No control set information for this architecture.

Section 13 - Utilization by Hierarchy
-------------------------------------
Use the "-detail" map option to print out the Utilization by Hierarchy section.
